<?xml version="1.0" encoding="UTF-8"?>
<testng-results ignored="0" total="1" passed="1" failed="0" skipped="0">
  <reporter-output>
  </reporter-output>
  <suite started-at="2025-03-23T01:53:48 IST" name="Default suite" finished-at="2025-03-23T01:53:49 IST" duration-ms="1444">
    <groups>
    </groups>
    <test started-at="2025-03-23T01:53:48 IST" name="Default test" finished-at="2025-03-23T01:53:49 IST" duration-ms="1444">
      <class name="ReadExcel">
        <test-method signature="readTestCases()[pri:0, instance:ReadExcel@69e153c5]" started-at="2025-03-23T01:53:48 IST" name="readTestCases" finished-at="2025-03-23T01:53:49 IST" duration-ms="1352" status="PASS">
          <reporter-output>
          </reporter-output>
        </test-method> <!-- readTestCases -->
      </class> <!-- ReadExcel -->
    </test> <!-- Default test -->
  </suite> <!-- Default suite -->
</testng-results>
